<?xml version="1.0" encoding="UTF-8"?>
<testsuite xmlns:xsi="http://www.w3.org/2001/XMLSchema-instance" xsi:noNamespaceSchemaLocation="https://maven.apache.org/surefire/maven-surefire-plugin/xsd/surefire-test-report-3.0.xsd" version="3.0" name="com.example.finalProject.FinalProjectApplicationTests" time="5.108" tests="1" errors="0" skipped="0" failures="0">
  <properties>
[...]
</properties>
  <testcase name="contextLoads" classname="com.example.finalProject.FinalProjectApplicationTests" time="0.559">
    <system-out><![CDATA[16:29:37.624 [main] INFO org.springframework.test.context.support.AnnotationConfigContextLoaderUtils -- Could not detect default configuration classes for test class [com.example.finalProject.FinalProjectApplicationTests]: FinalProjectApplicationTests does not declare any static, non-private, non-final, nested classes annotated with @Configuration.
16:29:37.726 [main] INFO org.springframework.boot.test.context.SpringBootTestContextBootstrapper -- Found @SpringBootConfiguration com.example.finalProject.FinalProjectApplication for test class com.example.finalProject.FinalProjectApplicationTests
16:29:37.879 [main] INFO org.springframework.boot.devtools.restart.RestartApplicationListener -- Restart disabled due to context in which it is running

  .   ____          _            __ _ _
 /\\ / ___'_ __ _ _(_)_ __  __ _ \ \ \ \
( ( )\___ | '_ | '_| | '_ \/ _` | \ \ \ \
 \\/  ___)| |_)| | | | | || (_| |  ) ) ) )
  '  |____| .__|_| |_|_| |_\__, | / / / /
 =========|_|==============|___/=/_/_/_/
 :: Spring Boot ::      (v3.2.11-SNAPSHOT)

2024-10-29T16:29:38.148+09:00  INFO 18148 --- [finalProject] [           main] c.e.f.FinalProjectApplicationTests       : Starting FinalProjectApplicationTests using Java 21.0.4 with PID 18148 (started by dongmi in D:\woorifisa\finalProject)
2024-10-29T16:29:38.149+09:00  INFO 18148 --- [finalProject] [           main] c.e.f.FinalProjectApplicationTests       : No active profile set, falling back to 1 default profile: "default"
2024-10-29T16:29:38.898+09:00  INFO 18148 --- [finalProject] [           main] .s.d.r.c.RepositoryConfigurationDelegate : Bootstrapping Spring Data JPA repositories in DEFAULT mode.
2024-10-29T16:29:38.947+09:00  INFO 18148 --- [finalProject] [           main] .s.d.r.c.RepositoryConfigurationDelegate : Finished Spring Data repository scanning in 43 ms. Found 1 JPA repository interface.
2024-10-29T16:29:39.409+09:00  INFO 18148 --- [finalProject] [           main] com.zaxxer.hikari.HikariDataSource       : HikariPool-1 - Starting...
2024-10-29T16:29:39.609+09:00  INFO 18148 --- [finalProject] [           main] com.zaxxer.hikari.pool.HikariPool        : HikariPool-1 - Added connection conn0: url=jdbc:h2:mem:testdb user=SA
2024-10-29T16:29:39.611+09:00  INFO 18148 --- [finalProject] [           main] com.zaxxer.hikari.HikariDataSource       : HikariPool-1 - Start completed.
2024-10-29T16:29:39.661+09:00  INFO 18148 --- [finalProject] [           main] o.hibernate.jpa.internal.util.LogHelper  : HHH000204: Processing PersistenceUnitInfo [name: default]
2024-10-29T16:29:39.721+09:00  INFO 18148 --- [finalProject] [           main] org.hibernate.Version                    : HHH000412: Hibernate ORM core version 6.4.10.Final
2024-10-29T16:29:39.765+09:00  INFO 18148 --- [finalProject] [           main] o.h.c.internal.RegionFactoryInitiator    : HHH000026: Second-level cache disabled
2024-10-29T16:29:40.068+09:00  INFO 18148 --- [finalProject] [           main] o.s.o.j.p.SpringPersistenceUnitInfo      : No LoadTimeWeaver setup: ignoring JPA class transformer
2024-10-29T16:29:40.122+09:00  WARN 18148 --- [finalProject] [           main] org.hibernate.orm.deprecation            : HHH90000025: H2Dialect does not need to be specified explicitly using 'hibernate.dialect' (remove the property setting and it will be selected by default)
2024-10-29T16:29:40.899+09:00  INFO 18148 --- [finalProject] [           main] o.h.e.t.j.p.i.JtaPlatformInitiator       : HHH000489: No JTA platform available (set 'hibernate.transaction.jta.platform' to enable JTA platform integration)
Hibernate: drop table if exists site_user cascade 
Hibernate: create table site_user (birth varchar(255), email varchar(255), id varchar(255) not null, password varchar(255), username varchar(255), primary key (id))
2024-10-29T16:29:40.926+09:00  INFO 18148 --- [finalProject] [           main] j.LocalContainerEntityManagerFactoryBean : Initialized JPA EntityManagerFactory for persistence unit 'default'
2024-10-29T16:29:41.239+09:00  WARN 18148 --- [finalProject] [           main] JpaBaseConfiguration$JpaWebConfiguration : spring.jpa.open-in-view is enabled by default. Therefore, database queries may be performed during view rendering. Explicitly configure spring.jpa.open-in-view to disable this warning
2024-10-29T16:29:41.264+09:00  WARN 18148 --- [finalProject] [           main] .s.s.UserDetailsServiceAutoConfiguration : 

Using generated security password: ccaf5b29-0900-4ae1-b46d-030bcadb10e9

This generated password is for development use only. Your security configuration must be updated before running your application in production.

2024-10-29T16:29:41.274+09:00  INFO 18148 --- [finalProject] [           main] r$InitializeUserDetailsManagerConfigurer : Global AuthenticationManager configured with UserDetailsService bean with name inMemoryUserDetailsManager
2024-10-29T16:29:41.361+09:00  INFO 18148 --- [finalProject] [           main] o.s.b.a.w.s.WelcomePageHandlerMapping    : Adding welcome page template: index
2024-10-29T16:29:41.993+09:00  INFO 18148 --- [finalProject] [           main] c.e.f.FinalProjectApplicationTests       : Started FinalProjectApplicationTests in 4.128 seconds (process running for 5.399)
]]></system-out>
    <system-err><![CDATA[WARNING: A Java agent has been loaded dynamically (C:\Users\dongmi\.m2\repository\net\bytebuddy\byte-buddy-agent\1.14.19\byte-buddy-agent-1.14.19.jar)
WARNING: If a serviceability tool is in use, please run with -XX:+EnableDynamicAgentLoading to hide this warning
WARNING: If a serviceability tool is not in use, please run with -Djdk.instrument.traceUsage for more information
WARNING: Dynamic loading of agents will be disallowed by default in a future release
]]></system-err>
  </testcase>
</testsuite>